[INFO] MSCCL_TEST repository already downloaded; will not re-download.

~/ncclPG/CCL-LYD/msccl-lyd ~
[INFO] Building MSCCL_TEST...
make -C src build BUILDDIR=/home/yuke/ncclPG/CCL-LYD/msccl-lyd/build
make[1]: Entering directory '/home/yuke/ncclPG/CCL-LYD/msccl-lyd/src'
make[2]: Entering directory '/home/yuke/ncclPG/CCL-LYD/msccl-lyd/src/collectives/device'
make[2]: Leaving directory '/home/yuke/ncclPG/CCL-LYD/msccl-lyd/src/collectives/device'
make[1]: Leaving directory '/home/yuke/ncclPG/CCL-LYD/msccl-lyd/src'

~

[INFO] NCCL Tests with MSCCL support repository already exists.

~/ncclPG/CCL-LYD/nccl-tests-msccl ~

[INFO] Building NCCL tests (nccl-tests) with MSCCL support...
make -C src clean BUILDDIR=/home/yuke/ncclPG/CCL-LYD/nccl-tests-msccl/build
make[1]: Entering directory '/home/yuke/ncclPG/CCL-LYD/nccl-tests-msccl/src'
make[1]: Leaving directory '/home/yuke/ncclPG/CCL-LYD/nccl-tests-msccl/src'
make -C src build BUILDDIR=/home/yuke/ncclPG/CCL-LYD/nccl-tests-msccl/build
make[1]: Entering directory '/home/yuke/ncclPG/CCL-LYD/nccl-tests-msccl/src'
Compiling  timer.cc                            > /home/yuke/ncclPG/CCL-LYD/nccl-tests-msccl/build/timer.o
Compiling /home/yuke/ncclPG/CCL-LYD/nccl-tests-msccl/build/verifiable/verifiable.o
Compiling  all_reduce.cu                       > /home/yuke/ncclPG/CCL-LYD/nccl-tests-msccl/build/all_reduce.o
Compiling  common.cu                           > /home/yuke/ncclPG/CCL-LYD/nccl-tests-msccl/build/common.o
Compiling  all_gather.cu                       > /home/yuke/ncclPG/CCL-LYD/nccl-tests-msccl/build/all_gather.o
Compiling  broadcast.cu                        > /home/yuke/ncclPG/CCL-LYD/nccl-tests-msccl/build/broadcast.o
Compiling  reduce_scatter.cu                   > /home/yuke/ncclPG/CCL-LYD/nccl-tests-msccl/build/reduce_scatter.o
Compiling  reduce.cu                           > /home/yuke/ncclPG/CCL-LYD/nccl-tests-msccl/build/reduce.o
Compiling  alltoall.cu                         > /home/yuke/ncclPG/CCL-LYD/nccl-tests-msccl/build/alltoall.o
Compiling  scatter.cu                          > /home/yuke/ncclPG/CCL-LYD/nccl-tests-msccl/build/scatter.o
Compiling  gather.cu                           > /home/yuke/ncclPG/CCL-LYD/nccl-tests-msccl/build/gather.o
Compiling  sendrecv.cu                         > /home/yuke/ncclPG/CCL-LYD/nccl-tests-msccl/build/sendrecv.o
Compiling  hypercube.cu                        > /home/yuke/ncclPG/CCL-LYD/nccl-tests-msccl/build/hypercube.o
Linking  /home/yuke/ncclPG/CCL-LYD/nccl-tests-msccl/build/all_gather.o > /home/yuke/ncclPG/CCL-LYD/nccl-tests-msccl/build/all_gather_perf
Linking  /home/yuke/ncclPG/CCL-LYD/nccl-tests-msccl/build/all_reduce.o > /home/yuke/ncclPG/CCL-LYD/nccl-tests-msccl/build/all_reduce_perf
Linking  /home/yuke/ncclPG/CCL-LYD/nccl-tests-msccl/build/broadcast.o > /home/yuke/ncclPG/CCL-LYD/nccl-tests-msccl/build/broadcast_perf
Linking  /home/yuke/ncclPG/CCL-LYD/nccl-tests-msccl/build/reduce_scatter.o > /home/yuke/ncclPG/CCL-LYD/nccl-tests-msccl/build/reduce_scatter_perf
Linking  /home/yuke/ncclPG/CCL-LYD/nccl-tests-msccl/build/reduce.o > /home/yuke/ncclPG/CCL-LYD/nccl-tests-msccl/build/reduce_perf
Linking  /home/yuke/ncclPG/CCL-LYD/nccl-tests-msccl/build/alltoall.o > /home/yuke/ncclPG/CCL-LYD/nccl-tests-msccl/build/alltoall_perf
Linking  /home/yuke/ncclPG/CCL-LYD/nccl-tests-msccl/build/sendrecv.o > /home/yuke/ncclPG/CCL-LYD/nccl-tests-msccl/build/sendrecv_perf
Linking  /home/yuke/ncclPG/CCL-LYD/nccl-tests-msccl/build/scatter.o > /home/yuke/ncclPG/CCL-LYD/nccl-tests-msccl/build/scatter_perf
Linking  /home/yuke/ncclPG/CCL-LYD/nccl-tests-msccl/build/gather.o > /home/yuke/ncclPG/CCL-LYD/nccl-tests-msccl/build/gather_perf
Linking  /home/yuke/ncclPG/CCL-LYD/nccl-tests-msccl/build/hypercube.o > /home/yuke/ncclPG/CCL-LYD/nccl-tests-msccl/build/hypercube_perf
make[1]: Leaving directory '/home/yuke/ncclPG/CCL-LYD/nccl-tests-msccl/src'
~

